<fileset dir="${server.src}" casesensitive="yes">
  <include name="**/*.java"/>
  <exclude name="**/*Test*"/>
</fileset>
